<?xml version="1.0" encoding="UTF-8"?>
<coverage generated="1618126315413" clover="3.2.0">
  <project timestamp="1618126315413" name="All files">
    <metrics statements="103" coveredstatements="97" conditionals="55" coveredconditionals="49" methods="34" coveredmethods="34" elements="192" coveredelements="180" complexity="0" loc="103" ncloc="103" packages="4" files="9" classes="9"/>
    <package name="core">
      <metrics statements="12" coveredstatements="12" conditionals="8" coveredconditionals="5" methods="3" coveredmethods="3"/>
      <file name="index.ts" path="/Users/zengxiangda/Projects/learn/d-ts-codegen/src/core/index.ts">
        <metrics statements="12" coveredstatements="12" conditionals="8" coveredconditionals="5" methods="3" coveredmethods="3"/>
        <line num="16" count="1" type="stmt"/>
        <line num="20" count="1" type="cond" truecount="1" falsecount="1"/>
        <line num="21" count="1" type="cond" truecount="1" falsecount="1"/>
        <line num="22" count="1" type="stmt"/>
        <line num="23" count="1" type="cond" truecount="1" falsecount="1"/>
        <line num="24" count="1" type="stmt"/>
        <line num="26" count="1" type="stmt"/>
        <line num="27" count="1" type="stmt"/>
        <line num="42" count="1" type="stmt"/>
        <line num="46" count="1" type="stmt"/>
        <line num="48" count="6" type="stmt"/>
        <line num="51" count="3" type="stmt"/>
      </file>
    </package>
    <package name="core.interfaces">
      <metrics statements="29" coveredstatements="29" conditionals="25" coveredconditionals="25" methods="9" coveredmethods="9"/>
      <file name="index.ts" path="/Users/zengxiangda/Projects/learn/d-ts-codegen/src/core/interfaces/index.ts">
        <metrics statements="29" coveredstatements="29" conditionals="25" coveredconditionals="25" methods="9" coveredmethods="9"/>
        <line num="5" count="3" type="stmt"/>
        <line num="10" count="2" type="stmt"/>
        <line num="11" count="2" type="stmt"/>
        <line num="12" count="2" type="stmt"/>
        <line num="13" count="7" type="stmt"/>
        <line num="19" count="7" type="cond" truecount="1" falsecount="0"/>
        <line num="21" count="7" type="cond" truecount="2" falsecount="0"/>
        <line num="25" count="32" type="stmt"/>
        <line num="26" count="32" type="cond" truecount="2" falsecount="0"/>
        <line num="28" count="32" type="cond" truecount="3" falsecount="0"/>
        <line num="31" count="32" type="stmt"/>
        <line num="36" count="32" type="stmt"/>
        <line num="39" count="7" type="stmt"/>
        <line num="42" count="2" type="stmt"/>
        <line num="50" count="42" type="stmt"/>
        <line num="62" count="118" type="cond" truecount="2" falsecount="0"/>
        <line num="63" count="32" type="stmt"/>
        <line num="64" count="32" type="stmt"/>
        <line num="70" count="86" type="cond" truecount="7" falsecount="0"/>
        <line num="73" count="24" type="stmt"/>
        <line num="75" count="42" type="stmt"/>
        <line num="80" count="15" type="stmt"/>
        <line num="82" count="1" type="stmt"/>
        <line num="87" count="2" type="stmt"/>
        <line num="92" count="2" type="stmt"/>
        <line num="99" count="32" type="stmt"/>
        <line num="107" count="20" type="cond" truecount="2" falsecount="0"/>
        <line num="110" count="18" type="stmt"/>
        <line num="111" count="18" type="stmt"/>
      </file>
    </package>
    <package name="core.services">
      <metrics statements="35" coveredstatements="34" conditionals="22" coveredconditionals="19" methods="13" coveredmethods="13"/>
      <file name="index.ts" path="/Users/zengxiangda/Projects/learn/d-ts-codegen/src/core/services/index.ts">
        <metrics statements="35" coveredstatements="34" conditionals="22" coveredconditionals="19" methods="13" coveredmethods="13"/>
        <line num="6" count="3" type="stmt"/>
        <line num="7" count="3" type="stmt"/>
        <line num="8" count="9" type="stmt"/>
        <line num="15" count="3" type="stmt"/>
        <line num="19" count="2" type="stmt"/>
        <line num="21" count="2" type="stmt"/>
        <line num="22" count="2" type="stmt"/>
        <line num="23" count="28" type="stmt"/>
        <line num="24" count="28" type="stmt"/>
        <line num="25" count="40" type="stmt"/>
        <line num="26" count="40" type="cond" truecount="1" falsecount="1"/>
        <line num="27" count="40" type="stmt"/>
        <line num="32" count="40" type="stmt"/>
        <line num="33" count="40" type="stmt"/>
        <line num="34" count="40" type="stmt"/>
        <line num="36" count="44" type="stmt"/>
        <line num="37" count="50" type="cond" truecount="1" falsecount="1"/>
        <line num="38" count="0" type="stmt"/>
        <line num="40" count="50" type="stmt"/>
        <line num="43" count="40" type="stmt"/>
        <line num="44" count="40" type="cond" truecount="4" falsecount="0"/>
        <line num="45" count="40" type="stmt"/>
        <line num="56" count="40" type="stmt"/>
        <line num="60" count="2" type="stmt"/>
        <line num="61" count="6" type="stmt"/>
        <line num="62" count="6" type="stmt"/>
        <line num="67" count="9" type="stmt"/>
        <line num="69" count="36" type="cond" truecount="2" falsecount="0"/>
        <line num="73" count="9" type="cond" truecount="1" falsecount="1"/>
        <line num="79" count="40" type="cond" truecount="4" falsecount="0"/>
        <line num="85" count="40" type="stmt"/>
        <line num="86" count="40" type="stmt"/>
        <line num="87" count="50" type="cond" truecount="2" falsecount="0"/>
        <line num="88" count="50" type="stmt"/>
        <line num="97" count="40" type="stmt"/>
      </file>
    </package>
    <package name="core.utils">
      <metrics statements="27" coveredstatements="22" conditionals="0" coveredconditionals="0" methods="9" coveredmethods="9"/>
      <file name="files.ts" path="/Users/zengxiangda/Projects/learn/d-ts-codegen/src/core/utils/files.ts">
        <metrics statements="4" coveredstatements="3" conditionals="0" coveredconditionals="0" methods="1" coveredmethods="1"/>
        <line num="6" count="31" type="stmt"/>
        <line num="7" count="31" type="stmt"/>
        <line num="8" count="31" type="stmt"/>
        <line num="13" count="0" type="stmt"/>
      </file>
      <file name="index.ts" path="/Users/zengxiangda/Projects/learn/d-ts-codegen/src/core/utils/index.ts">
        <metrics statements="0" coveredstatements="0" conditionals="0" coveredconditionals="0" methods="0" coveredmethods="0"/>
      </file>
      <file name="share.ts" path="/Users/zengxiangda/Projects/learn/d-ts-codegen/src/core/utils/share.ts">
        <metrics statements="10" coveredstatements="9" conditionals="0" coveredconditionals="0" methods="3" coveredmethods="3"/>
        <line num="12" count="5" type="stmt"/>
        <line num="13" count="5" type="stmt"/>
        <line num="16" count="5" type="stmt"/>
        <line num="17" count="5" type="stmt"/>
        <line num="18" count="15" type="stmt"/>
        <line num="23" count="5" type="stmt"/>
        <line num="31" count="3" type="stmt"/>
        <line num="32" count="3" type="stmt"/>
        <line num="33" count="2" type="stmt"/>
        <line num="35" count="0" type="stmt"/>
      </file>
      <file name="writeIndex.ts" path="/Users/zengxiangda/Projects/learn/d-ts-codegen/src/core/utils/writeIndex.ts">
        <metrics statements="3" coveredstatements="2" conditionals="0" coveredconditionals="0" methods="1" coveredmethods="1"/>
        <line num="7" count="3" type="stmt"/>
        <line num="8" count="3" type="stmt"/>
        <line num="14" count="0" type="stmt"/>
      </file>
      <file name="writeInterface.ts" path="/Users/zengxiangda/Projects/learn/d-ts-codegen/src/core/utils/writeInterface.ts">
        <metrics statements="5" coveredstatements="4" conditionals="0" coveredconditionals="0" methods="2" coveredmethods="2"/>
        <line num="11" count="2" type="stmt"/>
        <line num="12" count="2" type="stmt"/>
        <line num="13" count="2" type="stmt"/>
        <line num="14" count="28" type="stmt"/>
        <line num="17" count="0" type="stmt"/>
      </file>
      <file name="writeServices.ts" path="/Users/zengxiangda/Projects/learn/d-ts-codegen/src/core/utils/writeServices.ts">
        <metrics statements="5" coveredstatements="4" conditionals="0" coveredconditionals="0" methods="2" coveredmethods="2"/>
        <line num="10" count="2" type="stmt"/>
        <line num="11" count="2" type="stmt"/>
        <line num="12" count="2" type="stmt"/>
        <line num="14" count="4" type="stmt"/>
        <line num="21" count="0" type="stmt"/>
      </file>
    </package>
  </project>
</coverage>
