<?xml version="1.0" encoding="UTF-8"?>
<coverage generated="1618111414864" clover="3.2.0">
  <project timestamp="1618111414864" name="All files">
    <metrics statements="103" coveredstatements="84" conditionals="55" coveredconditionals="43" methods="35" coveredmethods="31" elements="193" coveredelements="158" complexity="0" loc="103" ncloc="103" packages="4" files="9" classes="9"/>
    <package name="core">
      <metrics statements="12" coveredstatements="3" conditionals="8" coveredconditionals="2" methods="3" coveredmethods="1"/>
      <file name="index.ts" path="/Users/zengxiangda/Projects/learn/d-ts-codegen/src/core/index.ts">
        <metrics statements="12" coveredstatements="3" conditionals="8" coveredconditionals="2" methods="3" coveredmethods="1"/>
        <line num="16" count="1" type="stmt"/>
        <line num="20" count="1" type="cond" truecount="1" falsecount="1"/>
        <line num="21" count="1" type="cond" truecount="1" falsecount="1"/>
        <line num="22" count="0" type="stmt"/>
        <line num="23" count="0" type="cond" truecount="0" falsecount="2"/>
        <line num="24" count="0" type="stmt"/>
        <line num="26" count="0" type="stmt"/>
        <line num="27" count="0" type="stmt"/>
        <line num="42" count="0" type="stmt"/>
        <line num="46" count="0" type="stmt"/>
        <line num="48" count="0" type="stmt"/>
        <line num="51" count="0" type="stmt"/>
      </file>
    </package>
    <package name="core.interfaces">
      <metrics statements="29" coveredstatements="28" conditionals="25" coveredconditionals="22" methods="9" coveredmethods="9"/>
      <file name="index.ts" path="/Users/zengxiangda/Projects/learn/d-ts-codegen/src/core/interfaces/index.ts">
        <metrics statements="29" coveredstatements="28" conditionals="25" coveredconditionals="22" methods="9" coveredmethods="9"/>
        <line num="5" count="3" type="stmt"/>
        <line num="10" count="1" type="stmt"/>
        <line num="11" count="1" type="stmt"/>
        <line num="12" count="1" type="stmt"/>
        <line num="13" count="1" type="stmt"/>
        <line num="19" count="1" type="cond" truecount="1" falsecount="0"/>
        <line num="21" count="1" type="cond" truecount="2" falsecount="0"/>
        <line num="25" count="5" type="stmt"/>
        <line num="26" count="5" type="cond" truecount="1" falsecount="1"/>
        <line num="28" count="5" type="cond" truecount="3" falsecount="0"/>
        <line num="31" count="5" type="stmt"/>
        <line num="36" count="5" type="stmt"/>
        <line num="39" count="1" type="stmt"/>
        <line num="42" count="1" type="stmt"/>
        <line num="50" count="20" type="stmt"/>
        <line num="62" count="49" type="cond" truecount="2" falsecount="0"/>
        <line num="63" count="16" type="stmt"/>
        <line num="64" count="16" type="stmt"/>
        <line num="70" count="33" type="cond" truecount="6" falsecount="1"/>
        <line num="73" count="9" type="stmt"/>
        <line num="75" count="15" type="stmt"/>
        <line num="80" count="7" type="stmt"/>
        <line num="82" count="0" type="stmt"/>
        <line num="87" count="1" type="stmt"/>
        <line num="92" count="1" type="stmt"/>
        <line num="99" count="16" type="stmt"/>
        <line num="107" count="11" type="cond" truecount="2" falsecount="0"/>
        <line num="110" count="10" type="stmt"/>
        <line num="111" count="10" type="stmt"/>
      </file>
    </package>
    <package name="core.services">
      <metrics statements="35" coveredstatements="34" conditionals="22" coveredconditionals="19" methods="13" coveredmethods="13"/>
      <file name="index.ts" path="/Users/zengxiangda/Projects/learn/d-ts-codegen/src/core/services/index.ts">
        <metrics statements="35" coveredstatements="34" conditionals="22" coveredconditionals="19" methods="13" coveredmethods="13"/>
        <line num="6" count="2" type="stmt"/>
        <line num="7" count="2" type="stmt"/>
        <line num="8" count="6" type="stmt"/>
        <line num="15" count="2" type="stmt"/>
        <line num="19" count="1" type="stmt"/>
        <line num="21" count="1" type="stmt"/>
        <line num="22" count="1" type="stmt"/>
        <line num="23" count="14" type="stmt"/>
        <line num="24" count="14" type="stmt"/>
        <line num="25" count="20" type="stmt"/>
        <line num="26" count="20" type="cond" truecount="1" falsecount="1"/>
        <line num="27" count="20" type="stmt"/>
        <line num="32" count="20" type="stmt"/>
        <line num="33" count="20" type="stmt"/>
        <line num="34" count="20" type="stmt"/>
        <line num="36" count="22" type="stmt"/>
        <line num="37" count="25" type="cond" truecount="1" falsecount="1"/>
        <line num="38" count="0" type="stmt"/>
        <line num="40" count="25" type="stmt"/>
        <line num="43" count="20" type="stmt"/>
        <line num="44" count="20" type="cond" truecount="4" falsecount="0"/>
        <line num="45" count="20" type="stmt"/>
        <line num="56" count="20" type="stmt"/>
        <line num="60" count="1" type="stmt"/>
        <line num="61" count="3" type="stmt"/>
        <line num="62" count="3" type="stmt"/>
        <line num="67" count="6" type="stmt"/>
        <line num="69" count="24" type="cond" truecount="2" falsecount="0"/>
        <line num="73" count="6" type="cond" truecount="1" falsecount="1"/>
        <line num="79" count="20" type="cond" truecount="4" falsecount="0"/>
        <line num="85" count="20" type="stmt"/>
        <line num="86" count="20" type="stmt"/>
        <line num="87" count="25" type="cond" truecount="2" falsecount="0"/>
        <line num="88" count="25" type="stmt"/>
        <line num="97" count="20" type="stmt"/>
      </file>
    </package>
    <package name="core.utils">
      <metrics statements="27" coveredstatements="19" conditionals="0" coveredconditionals="0" methods="10" coveredmethods="8"/>
      <file name="files.ts" path="/Users/zengxiangda/Projects/learn/d-ts-codegen/src/core/utils/files.ts">
        <metrics statements="4" coveredstatements="0" conditionals="0" coveredconditionals="0" methods="2" coveredmethods="0"/>
        <line num="6" count="0" type="stmt"/>
        <line num="7" count="0" type="stmt"/>
        <line num="8" count="0" type="stmt"/>
        <line num="13" count="0" type="stmt"/>
      </file>
      <file name="index.ts" path="/Users/zengxiangda/Projects/learn/d-ts-codegen/src/core/utils/index.ts">
        <metrics statements="0" coveredstatements="0" conditionals="0" coveredconditionals="0" methods="0" coveredmethods="0"/>
      </file>
      <file name="share.ts" path="/Users/zengxiangda/Projects/learn/d-ts-codegen/src/core/utils/share.ts">
        <metrics statements="10" coveredstatements="9" conditionals="0" coveredconditionals="0" methods="3" coveredmethods="3"/>
        <line num="12" count="4" type="stmt"/>
        <line num="13" count="4" type="stmt"/>
        <line num="16" count="4" type="stmt"/>
        <line num="17" count="4" type="stmt"/>
        <line num="18" count="12" type="stmt"/>
        <line num="23" count="4" type="stmt"/>
        <line num="31" count="2" type="stmt"/>
        <line num="32" count="2" type="stmt"/>
        <line num="33" count="1" type="stmt"/>
        <line num="35" count="0" type="stmt"/>
      </file>
      <file name="writeIndex.ts" path="/Users/zengxiangda/Projects/learn/d-ts-codegen/src/core/utils/writeIndex.ts">
        <metrics statements="3" coveredstatements="2" conditionals="0" coveredconditionals="0" methods="1" coveredmethods="1"/>
        <line num="7" count="2" type="stmt"/>
        <line num="8" count="2" type="stmt"/>
        <line num="14" count="0" type="stmt"/>
      </file>
      <file name="writeInterface.ts" path="/Users/zengxiangda/Projects/learn/d-ts-codegen/src/core/utils/writeInterface.ts">
        <metrics statements="5" coveredstatements="4" conditionals="0" coveredconditionals="0" methods="2" coveredmethods="2"/>
        <line num="11" count="1" type="stmt"/>
        <line num="12" count="1" type="stmt"/>
        <line num="13" count="1" type="stmt"/>
        <line num="14" count="1" type="stmt"/>
        <line num="17" count="0" type="stmt"/>
      </file>
      <file name="writeServices.ts" path="/Users/zengxiangda/Projects/learn/d-ts-codegen/src/core/utils/writeServices.ts">
        <metrics statements="5" coveredstatements="4" conditionals="0" coveredconditionals="0" methods="2" coveredmethods="2"/>
        <line num="10" count="1" type="stmt"/>
        <line num="11" count="1" type="stmt"/>
        <line num="12" count="1" type="stmt"/>
        <line num="14" count="1" type="stmt"/>
        <line num="21" count="0" type="stmt"/>
      </file>
    </package>
  </project>
</coverage>
