{"/Users/zengxiangda/Projects/learn/d-ts-codegen/src/core/index.ts": {"path":"/Users/zengxiangda/Projects/learn/d-ts-codegen/src/core/index.ts","statementMap":{"0":{"start":{"line":16,"column":28},"end":{"line":19,"column":4}},"1":{"start":{"line":20,"column":16},"end":{"line":20,"column":58}},"2":{"start":{"line":21,"column":2},"end":{"line":60,"column":3}},"3":{"start":{"line":22,"column":21},"end":{"line":22,"column":52}},"4":{"start":{"line":23,"column":4},"end":{"line":25,"column":5}},"5":{"start":{"line":24,"column":6},"end":{"line":24,"column":33}},"6":{"start":{"line":26,"column":4},"end":{"line":26,"column":31}},"7":{"start":{"line":27,"column":4},"end":{"line":29,"column":5}},"8":{"start":{"line":28,"column":6},"end":{"line":28,"column":37}},"9":{"start":{"line":30,"column":4},"end":{"line":44,"column":5}},"10":{"start":{"line":45,"column":31},"end":{"line":48,"column":6}},"11":{"start":{"line":49,"column":4},"end":{"line":59,"column":5}},"12":{"start":{"line":51,"column":17},"end":{"line":51,"column":36}},"13":{"start":{"line":54,"column":21},"end":{"line":54,"column":44}}},"fnMap":{"0":{"name":"main","decl":{"start":{"line":7,"column":22},"end":{"line":7,"column":26}},"loc":{"start":{"line":15,"column":18},"end":{"line":61,"column":1}},"line":15},"1":{"name":"(anonymous_1)","decl":{"start":{"line":51,"column":8},"end":{"line":51,"column":9}},"loc":{"start":{"line":51,"column":17},"end":{"line":51,"column":36}},"line":51},"2":{"name":"(anonymous_2)","decl":{"start":{"line":54,"column":10},"end":{"line":54,"column":11}},"loc":{"start":{"line":54,"column":21},"end":{"line":54,"column":44}},"line":54}},"branchMap":{"0":{"loc":{"start":{"line":20,"column":41},"end":{"line":20,"column":57}},"type":"binary-expr","locations":[{"start":{"line":20,"column":41},"end":{"line":20,"column":47}},{"start":{"line":20,"column":51},"end":{"line":20,"column":57}}],"line":20},"1":{"loc":{"start":{"line":21,"column":2},"end":{"line":60,"column":3}},"type":"if","locations":[{"start":{"line":21,"column":2},"end":{"line":60,"column":3}},{"start":{"line":21,"column":2},"end":{"line":60,"column":3}}],"line":21},"2":{"loc":{"start":{"line":23,"column":4},"end":{"line":25,"column":5}},"type":"if","locations":[{"start":{"line":23,"column":4},"end":{"line":25,"column":5}},{"start":{"line":23,"column":4},"end":{"line":25,"column":5}}],"line":23},"3":{"loc":{"start":{"line":27,"column":4},"end":{"line":29,"column":5}},"type":"if","locations":[{"start":{"line":27,"column":4},"end":{"line":29,"column":5}},{"start":{"line":27,"column":4},"end":{"line":29,"column":5}}],"line":27},"4":{"loc":{"start":{"line":41,"column":10},"end":{"line":41,"column":37}},"type":"binary-expr","locations":[{"start":{"line":41,"column":10},"end":{"line":41,"column":21}},{"start":{"line":41,"column":25},"end":{"line":41,"column":37}}],"line":41}},"s":{"0":1,"1":1,"2":1,"3":1,"4":1,"5":1,"6":1,"7":1,"8":1,"9":1,"10":1,"11":1,"12":6,"13":3},"f":{"0":1,"1":6,"2":3},"b":{"0":[1,0],"1":[1,0],"2":[1,0],"3":[1,0],"4":[1,1]},"_coverageSchema":"1a1c01bbd47fc00a2c39e90264f33305004495a9","hash":"423858d56e5641f5ddac4b6ceb1861fb2aa28903"}
,"/Users/zengxiangda/Projects/learn/d-ts-codegen/src/core/interfaces/index.ts": {"path":"/Users/zengxiangda/Projects/learn/d-ts-codegen/src/core/interfaces/index.ts","statementMap":{"0":{"start":{"line":5,"column":20},"end":{"line":5,"column":41}},"1":{"start":{"line":10,"column":32},"end":{"line":10,"column":34}},"2":{"start":{"line":11,"column":25},"end":{"line":11,"column":49}},"3":{"start":{"line":12,"column":2},"end":{"line":41,"column":4}},"4":{"start":{"line":13,"column":31},"end":{"line":18,"column":5}},"5":{"start":{"line":19,"column":4},"end":{"line":40,"column":5}},"6":{"start":{"line":21,"column":8},"end":{"line":38,"column":9}},"7":{"start":{"line":25,"column":26},"end":{"line":25,"column":86}},"8":{"start":{"line":26,"column":31},"end":{"line":27,"column":71}},"9":{"start":{"line":28,"column":12},"end":{"line":30,"column":51}},"10":{"start":{"line":31,"column":12},"end":{"line":35,"column":14}},"11":{"start":{"line":36,"column":12},"end":{"line":36,"column":30}},"12":{"start":{"line":39,"column":8},"end":{"line":39,"column":13}},"13":{"start":{"line":42,"column":2},"end":{"line":42,"column":15}},"14":{"start":{"line":50,"column":2},"end":{"line":50,"column":68}},"15":{"start":{"line":62,"column":2},"end":{"line":69,"column":3}},"16":{"start":{"line":63,"column":18},"end":{"line":63,"column":45}},"17":{"start":{"line":64,"column":4},"end":{"line":68,"column":5}},"18":{"start":{"line":70,"column":2},"end":{"line":96,"column":3}},"19":{"start":{"line":73,"column":6},"end":{"line":73,"column":63}},"20":{"start":{"line":75,"column":6},"end":{"line":78,"column":7}},"21":{"start":{"line":80,"column":6},"end":{"line":80,"column":37}},"22":{"start":{"line":82,"column":6},"end":{"line":85,"column":7}},"23":{"start":{"line":87,"column":6},"end":{"line":90,"column":7}},"24":{"start":{"line":92,"column":6},"end":{"line":95,"column":7}},"25":{"start":{"line":99,"column":2},"end":{"line":99,"column":65}},"26":{"start":{"line":107,"column":2},"end":{"line":107,"column":72}},"27":{"start":{"line":107,"column":37},"end":{"line":107,"column":67}},"28":{"start":{"line":110,"column":25},"end":{"line":110,"column":54}},"29":{"start":{"line":111,"column":2},"end":{"line":115,"column":3}}},"fnMap":{"0":{"name":"convertModels","decl":{"start":{"line":9,"column":16},"end":{"line":9,"column":29}},"loc":{"start":{"line":9,"column":90},"end":{"line":43,"column":1}},"line":9},"1":{"name":"(anonymous_1)","decl":{"start":{"line":12,"column":25},"end":{"line":12,"column":26}},"loc":{"start":{"line":12,"column":42},"end":{"line":41,"column":3}},"line":12},"2":{"name":"(anonymous_2)","decl":{"start":{"line":24,"column":10},"end":{"line":24,"column":11}},"loc":{"start":{"line":24,"column":22},"end":{"line":37,"column":11}},"line":24},"3":{"name":"converDefinitionProperty","decl":{"start":{"line":49,"column":16},"end":{"line":49,"column":40}},"loc":{"start":{"line":49,"column":77},"end":{"line":51,"column":1}},"line":49},"4":{"name":"formatTypes","decl":{"start":{"line":56,"column":16},"end":{"line":56,"column":27}},"loc":{"start":{"line":60,"column":2},"end":{"line":97,"column":1}},"line":60},"5":{"name":"formatRefsLink","decl":{"start":{"line":98,"column":16},"end":{"line":98,"column":30}},"loc":{"start":{"line":98,"column":52},"end":{"line":100,"column":1}},"line":98},"6":{"name":"formatStringEnums","decl":{"start":{"line":106,"column":16},"end":{"line":106,"column":33}},"loc":{"start":{"line":106,"column":65},"end":{"line":108,"column":1}},"line":106},"7":{"name":"(anonymous_7)","decl":{"start":{"line":107,"column":27},"end":{"line":107,"column":28}},"loc":{"start":{"line":107,"column":37},"end":{"line":107,"column":67}},"line":107},"8":{"name":"formatArrayTypes","decl":{"start":{"line":109,"column":16},"end":{"line":109,"column":32}},"loc":{"start":{"line":109,"column":56},"end":{"line":116,"column":1}},"line":109}},"branchMap":{"0":{"loc":{"start":{"line":14,"column":37},"end":{"line":14,"column":86}},"type":"binary-expr","locations":[{"start":{"line":14,"column":37},"end":{"line":14,"column":69}},{"start":{"line":14,"column":73},"end":{"line":14,"column":86}}],"line":14},"1":{"loc":{"start":{"line":19,"column":4},"end":{"line":40,"column":5}},"type":"switch","locations":[{"start":{"line":20,"column":6},"end":{"line":39,"column":13}}],"line":19},"2":{"loc":{"start":{"line":21,"column":8},"end":{"line":38,"column":9}},"type":"binary-expr","locations":[{"start":{"line":21,"column":8},"end":{"line":21,"column":45}},{"start":{"line":21,"column":49},"end":{"line":38,"column":9}}],"line":21},"3":{"loc":{"start":{"line":26,"column":31},"end":{"line":27,"column":71}},"type":"binary-expr","locations":[{"start":{"line":26,"column":31},"end":{"line":26,"column":66}},{"start":{"line":27,"column":17},"end":{"line":27,"column":71}}],"line":26},"4":{"loc":{"start":{"line":28,"column":12},"end":{"line":30,"column":51}},"type":"binary-expr","locations":[{"start":{"line":28,"column":12},"end":{"line":28,"column":23}},{"start":{"line":29,"column":17},"end":{"line":29,"column":35}},{"start":{"line":30,"column":17},"end":{"line":30,"column":51}}],"line":28},"5":{"loc":{"start":{"line":62,"column":2},"end":{"line":69,"column":3}},"type":"if","locations":[{"start":{"line":62,"column":2},"end":{"line":69,"column":3}},{"start":{"line":62,"column":2},"end":{"line":69,"column":3}}],"line":62},"6":{"loc":{"start":{"line":70,"column":2},"end":{"line":96,"column":3}},"type":"switch","locations":[{"start":{"line":71,"column":4},"end":{"line":71,"column":18}},{"start":{"line":72,"column":4},"end":{"line":73,"column":63}},{"start":{"line":74,"column":4},"end":{"line":78,"column":7}},{"start":{"line":79,"column":4},"end":{"line":80,"column":37}},{"start":{"line":81,"column":4},"end":{"line":85,"column":7}},{"start":{"line":86,"column":4},"end":{"line":90,"column":7}},{"start":{"line":91,"column":4},"end":{"line":95,"column":7}}],"line":70},"7":{"loc":{"start":{"line":76,"column":14},"end":{"line":76,"column":69}},"type":"cond-expr","locations":[{"start":{"line":76,"column":28},"end":{"line":76,"column":58}},{"start":{"line":76,"column":61},"end":{"line":76,"column":69}}],"line":76},"8":{"loc":{"start":{"line":107,"column":37},"end":{"line":107,"column":67}},"type":"cond-expr","locations":[{"start":{"line":107,"column":41},"end":{"line":107,"column":56}},{"start":{"line":107,"column":59},"end":{"line":107,"column":67}}],"line":107},"9":{"loc":{"start":{"line":114,"column":11},"end":{"line":114,"column":22}},"type":"binary-expr","locations":[{"start":{"line":114,"column":11},"end":{"line":114,"column":16}},{"start":{"line":114,"column":20},"end":{"line":114,"column":22}}],"line":114}},"s":{"0":3,"1":2,"2":2,"3":2,"4":7,"5":7,"6":7,"7":32,"8":32,"9":32,"10":32,"11":32,"12":7,"13":2,"14":43,"15":119,"16":33,"17":33,"18":86,"19":24,"20":42,"21":15,"22":1,"23":2,"24":2,"25":33,"26":6,"27":20,"28":18,"29":18},"f":{"0":2,"1":7,"2":32,"3":43,"4":119,"5":33,"6":6,"7":20,"8":18},"b":{"0":[7,6],"1":[7],"2":[7,7],"3":[32,6],"4":[32,5,3],"5":[33,86],"6":[1,24,42,15,1,2,2],"7":[5,37],"8":[14,6],"9":[18,8]},"_coverageSchema":"1a1c01bbd47fc00a2c39e90264f33305004495a9","hash":"00efd3fe50b18228014b20c7c5855ae0b21339f5"}
,"/Users/zengxiangda/Projects/learn/d-ts-codegen/src/core/services/index.ts": {"path":"/Users/zengxiangda/Projects/learn/d-ts-codegen/src/core/services/index.ts","statementMap":{"0":{"start":{"line":15,"column":59},"end":{"line":15,"column":61}},"1":{"start":{"line":16,"column":2},"end":{"line":23,"column":4}},"2":{"start":{"line":17,"column":4},"end":{"line":22,"column":5}},"3":{"start":{"line":24,"column":2},"end":{"line":24,"column":22}},"4":{"start":{"line":33,"column":22},"end":{"line":33,"column":50}},"5":{"start":{"line":34,"column":16},"end":{"line":34,"column":42}},"6":{"start":{"line":36,"column":2},"end":{"line":36,"column":73}},"7":{"start":{"line":36,"column":24},"end":{"line":36,"column":72}},"8":{"start":{"line":37,"column":2},"end":{"line":40,"column":4}},"9":{"start":{"line":38,"column":4},"end":{"line":38,"column":58}},"10":{"start":{"line":39,"column":4},"end":{"line":39,"column":18}},"11":{"start":{"line":48,"column":18},"end":{"line":48,"column":37}},"12":{"start":{"line":49,"column":2},"end":{"line":76,"column":4}},"13":{"start":{"line":50,"column":26},"end":{"line":50,"column":41}},"14":{"start":{"line":51,"column":4},"end":{"line":75,"column":5}},"15":{"start":{"line":52,"column":18},"end":{"line":52,"column":54}},"16":{"start":{"line":57,"column":54},"end":{"line":57,"column":93}},"17":{"start":{"line":58,"column":6},"end":{"line":58,"column":42}},"18":{"start":{"line":60,"column":23},"end":{"line":60,"column":63}},"19":{"start":{"line":62,"column":6},"end":{"line":62,"column":81}},"20":{"start":{"line":63,"column":22},"end":{"line":73,"column":7}},"21":{"start":{"line":74,"column":6},"end":{"line":74,"column":32}},"22":{"start":{"line":80,"column":20},"end":{"line":86,"column":12}},"23":{"start":{"line":82,"column":18},"end":{"line":85,"column":5}},"24":{"start":{"line":87,"column":2},"end":{"line":87,"column":74}},"25":{"start":{"line":91,"column":2},"end":{"line":91,"column":99}},"26":{"start":{"line":101,"column":2},"end":{"line":101,"column":28}},"27":{"start":{"line":101,"column":19},"end":{"line":101,"column":28}},"28":{"start":{"line":102,"column":69},"end":{"line":102,"column":71}},"29":{"start":{"line":103,"column":27},"end":{"line":103,"column":29}},"30":{"start":{"line":115,"column":17},"end":{"line":133,"column":4}},"31":{"start":{"line":116,"column":4},"end":{"line":116,"column":75}},"32":{"start":{"line":116,"column":40},"end":{"line":116,"column":75}},"33":{"start":{"line":117,"column":39},"end":{"line":119,"column":5}},"34":{"start":{"line":121,"column":4},"end":{"line":123,"column":5}},"35":{"start":{"line":122,"column":6},"end":{"line":122,"column":28}},"36":{"start":{"line":124,"column":18},"end":{"line":130,"column":5}},"37":{"start":{"line":131,"column":4},"end":{"line":131,"column":46}},"38":{"start":{"line":132,"column":4},"end":{"line":132,"column":16}},"39":{"start":{"line":134,"column":2},"end":{"line":138,"column":3}}},"fnMap":{"0":{"name":"getControllers","decl":{"start":{"line":14,"column":16},"end":{"line":14,"column":30}},"loc":{"start":{"line":14,"column":79},"end":{"line":25,"column":1}},"line":14},"1":{"name":"(anonymous_1)","decl":{"start":{"line":16,"column":15},"end":{"line":16,"column":16}},"loc":{"start":{"line":16,"column":22},"end":{"line":23,"column":3}},"line":16},"2":{"name":"convertService","decl":{"start":{"line":32,"column":16},"end":{"line":32,"column":30}},"loc":{"start":{"line":32,"column":70},"end":{"line":41,"column":1}},"line":32},"3":{"name":"(anonymous_3)","decl":{"start":{"line":36,"column":16},"end":{"line":36,"column":17}},"loc":{"start":{"line":36,"column":24},"end":{"line":36,"column":72}},"line":36},"4":{"name":"(anonymous_4)","decl":{"start":{"line":37,"column":42},"end":{"line":37,"column":43}},"loc":{"start":{"line":37,"column":53},"end":{"line":40,"column":3}},"line":37},"5":{"name":"getServiceMapData","decl":{"start":{"line":43,"column":9},"end":{"line":43,"column":26}},"loc":{"start":{"line":47,"column":2},"end":{"line":77,"column":1}},"line":47},"6":{"name":"(anonymous_6)","decl":{"start":{"line":49,"column":31},"end":{"line":49,"column":32}},"loc":{"start":{"line":49,"column":41},"end":{"line":76,"column":3}},"line":49},"7":{"name":"getServiceName","decl":{"start":{"line":79,"column":16},"end":{"line":79,"column":30}},"loc":{"start":{"line":79,"column":53},"end":{"line":88,"column":1}},"line":79},"8":{"name":"(anonymous_8)","decl":{"start":{"line":82,"column":4},"end":{"line":82,"column":5}},"loc":{"start":{"line":82,"column":18},"end":{"line":85,"column":5}},"line":82},"9":{"name":"getResponseType","decl":{"start":{"line":90,"column":16},"end":{"line":90,"column":31}},"loc":{"start":{"line":90,"column":60},"end":{"line":92,"column":1}},"line":90},"10":{"name":"getParameters","decl":{"start":{"line":94,"column":16},"end":{"line":94,"column":29}},"loc":{"start":{"line":100,"column":3},"end":{"line":139,"column":1}},"line":100},"11":{"name":"(anonymous_11)","decl":{"start":{"line":115,"column":32},"end":{"line":115,"column":33}},"loc":{"start":{"line":115,"column":45},"end":{"line":133,"column":3}},"line":115}},"branchMap":{"0":{"loc":{"start":{"line":51,"column":4},"end":{"line":75,"column":5}},"type":"if","locations":[{"start":{"line":51,"column":4},"end":{"line":75,"column":5}},{"start":{"line":51,"column":4},"end":{"line":75,"column":5}}],"line":51},"1":{"loc":{"start":{"line":58,"column":27},"end":{"line":58,"column":40}},"type":"binary-expr","locations":[{"start":{"line":58,"column":27},"end":{"line":58,"column":34}},{"start":{"line":58,"column":38},"end":{"line":58,"column":40}}],"line":58},"2":{"loc":{"start":{"line":62,"column":6},"end":{"line":62,"column":81}},"type":"binary-expr","locations":[{"start":{"line":62,"column":6},"end":{"line":62,"column":34}},{"start":{"line":62,"column":38},"end":{"line":62,"column":81}}],"line":62},"3":{"loc":{"start":{"line":62,"column":59},"end":{"line":62,"column":79}},"type":"binary-expr","locations":[{"start":{"line":62,"column":59},"end":{"line":62,"column":73}},{"start":{"line":62,"column":77},"end":{"line":62,"column":79}}],"line":62},"4":{"loc":{"start":{"line":69,"column":10},"end":{"line":70,"column":36}},"type":"cond-expr","locations":[{"start":{"line":70,"column":12},"end":{"line":70,"column":25}},{"start":{"line":70,"column":28},"end":{"line":70,"column":36}}],"line":69},"5":{"loc":{"start":{"line":87,"column":9},"end":{"line":87,"column":74}},"type":"cond-expr","locations":[{"start":{"line":87,"column":41},"end":{"line":87,"column":50}},{"start":{"line":87,"column":53},"end":{"line":87,"column":74}}],"line":87},"6":{"loc":{"start":{"line":91,"column":9},"end":{"line":91,"column":99}},"type":"cond-expr","locations":[{"start":{"line":91,"column":55},"end":{"line":91,"column":91}},{"start":{"line":91,"column":94},"end":{"line":91,"column":99}}],"line":91},"7":{"loc":{"start":{"line":91,"column":9},"end":{"line":91,"column":52}},"type":"binary-expr","locations":[{"start":{"line":91,"column":9},"end":{"line":91,"column":25}},{"start":{"line":91,"column":29},"end":{"line":91,"column":52}}],"line":91},"8":{"loc":{"start":{"line":101,"column":2},"end":{"line":101,"column":28}},"type":"if","locations":[{"start":{"line":101,"column":2},"end":{"line":101,"column":28}},{"start":{"line":101,"column":2},"end":{"line":101,"column":28}}],"line":101},"9":{"loc":{"start":{"line":116,"column":4},"end":{"line":116,"column":75}},"type":"if","locations":[{"start":{"line":116,"column":4},"end":{"line":116,"column":75}},{"start":{"line":116,"column":4},"end":{"line":116,"column":75}}],"line":116},"10":{"loc":{"start":{"line":118,"column":6},"end":{"line":118,"column":35}},"type":"binary-expr","locations":[{"start":{"line":118,"column":6},"end":{"line":118,"column":22}},{"start":{"line":118,"column":26},"end":{"line":118,"column":35}}],"line":118},"11":{"loc":{"start":{"line":121,"column":4},"end":{"line":123,"column":5}},"type":"if","locations":[{"start":{"line":121,"column":4},"end":{"line":123,"column":5}},{"start":{"line":121,"column":4},"end":{"line":123,"column":5}}],"line":121}},"s":{"0":3,"1":3,"2":9,"3":3,"4":2,"5":2,"6":2,"7":28,"8":2,"9":6,"10":6,"11":28,"12":28,"13":40,"14":40,"15":40,"16":40,"17":40,"18":40,"19":40,"20":40,"21":40,"22":9,"23":9,"24":9,"25":40,"26":41,"27":0,"28":41,"29":41,"30":41,"31":51,"32":45,"33":51,"34":51,"35":19,"36":51,"37":51,"38":51,"39":41},"f":{"0":3,"1":9,"2":2,"3":28,"4":6,"5":28,"6":40,"7":9,"8":9,"9":40,"10":41,"11":51},"b":{"0":[40,0],"1":[40,0],"2":[40,18],"3":[18,4],"4":[18,22],"5":[0,9],"6":[18,22],"7":[40,18],"8":[0,41],"9":[45,6],"10":[51,36],"11":[19,32]},"_coverageSchema":"1a1c01bbd47fc00a2c39e90264f33305004495a9","hash":"80ac174b30afd5e6397d3eb765e4c835b184befc"}
,"/Users/zengxiangda/Projects/learn/d-ts-codegen/src/core/utils/files.ts": {"path":"/Users/zengxiangda/Projects/learn/d-ts-codegen/src/core/utils/files.ts","statementMap":{"0":{"start":{"line":6,"column":2},"end":{"line":14,"column":3}},"1":{"start":{"line":7,"column":22},"end":{"line":7,"column":49}},"2":{"start":{"line":8,"column":4},"end":{"line":11,"column":5}},"3":{"start":{"line":13,"column":4},"end":{"line":13,"column":49}}},"fnMap":{"0":{"name":"writeMustacheFile","decl":{"start":{"line":5,"column":22},"end":{"line":5,"column":39}},"loc":{"start":{"line":5,"column":57},"end":{"line":15,"column":1}},"line":5}},"branchMap":{},"s":{"0":36,"1":36,"2":36,"3":0},"f":{"0":36},"b":{},"_coverageSchema":"1a1c01bbd47fc00a2c39e90264f33305004495a9","hash":"9a39df5f6fe4d21916ce94015719a842455e7073"}
,"/Users/zengxiangda/Projects/learn/d-ts-codegen/src/core/utils/index.ts": {"path":"/Users/zengxiangda/Projects/learn/d-ts-codegen/src/core/utils/index.ts","statementMap":{},"fnMap":{},"branchMap":{},"s":{},"f":{},"b":{},"_coverageSchema":"1a1c01bbd47fc00a2c39e90264f33305004495a9","hash":"98469971c3ecb27ef0aa080011cf4d526b4a7117"}
,"/Users/zengxiangda/Projects/learn/d-ts-codegen/src/core/utils/share.ts": {"path":"/Users/zengxiangda/Projects/learn/d-ts-codegen/src/core/utils/share.ts","statementMap":{"0":{"start":{"line":12,"column":23},"end":{"line":12,"column":64}},"1":{"start":{"line":13,"column":16},"end":{"line":13,"column":50}},"2":{"start":{"line":14,"column":102},"end":{"line":14,"column":104}},"3":{"start":{"line":15,"column":2},"end":{"line":20,"column":3}},"4":{"start":{"line":15,"column":13},"end":{"line":15,"column":14}},"5":{"start":{"line":16,"column":4},"end":{"line":19,"column":5}},"6":{"start":{"line":21,"column":2},"end":{"line":21,"column":18}},"7":{"start":{"line":29,"column":2},"end":{"line":34,"column":3}},"8":{"start":{"line":30,"column":16},"end":{"line":30,"column":56}},"9":{"start":{"line":30,"column":45},"end":{"line":30,"column":55}},"10":{"start":{"line":31,"column":4},"end":{"line":31,"column":14}},"11":{"start":{"line":33,"column":4},"end":{"line":33,"column":60}}},"fnMap":{"0":{"name":"getTemplates","decl":{"start":{"line":9,"column":22},"end":{"line":9,"column":34}},"loc":{"start":{"line":11,"column":3},"end":{"line":22,"column":1}},"line":11},"1":{"name":"fetchApiJson","decl":{"start":{"line":28,"column":22},"end":{"line":28,"column":34}},"loc":{"start":{"line":28,"column":66},"end":{"line":35,"column":1}},"line":28},"2":{"name":"(anonymous_2)","decl":{"start":{"line":30,"column":38},"end":{"line":30,"column":39}},"loc":{"start":{"line":30,"column":45},"end":{"line":30,"column":55}},"line":30}},"branchMap":{},"s":{"0":6,"1":6,"2":6,"3":6,"4":6,"5":30,"6":6,"7":3,"8":3,"9":2,"10":2,"11":0},"f":{"0":6,"1":3,"2":2},"b":{},"_coverageSchema":"1a1c01bbd47fc00a2c39e90264f33305004495a9","hash":"99e666e8556dc8efac168cbe6e6e9d4bd20fb760"}
,"/Users/zengxiangda/Projects/learn/d-ts-codegen/src/core/utils/writeIndex.ts": {"path":"/Users/zengxiangda/Projects/learn/d-ts-codegen/src/core/utils/writeIndex.ts","statementMap":{"0":{"start":{"line":7,"column":2},"end":{"line":19,"column":3}},"1":{"start":{"line":8,"column":16},"end":{"line":16,"column":12}},"2":{"start":{"line":10,"column":34},"end":{"line":14,"column":7}},"3":{"start":{"line":18,"column":4},"end":{"line":18,"column":22}}},"fnMap":{"0":{"name":"writeIndex","decl":{"start":{"line":2,"column":22},"end":{"line":2,"column":32}},"loc":{"start":{"line":6,"column":17},"end":{"line":21,"column":1}},"line":6},"1":{"name":"(anonymous_1)","decl":{"start":{"line":10,"column":25},"end":{"line":10,"column":26}},"loc":{"start":{"line":10,"column":34},"end":{"line":14,"column":7}},"line":10}},"branchMap":{},"s":{"0":3,"1":3,"2":10,"3":1},"f":{"0":3,"1":10},"b":{},"_coverageSchema":"1a1c01bbd47fc00a2c39e90264f33305004495a9","hash":"c5bac867024bd2b3048e59b1ad5101925b2fc555"}
,"/Users/zengxiangda/Projects/learn/d-ts-codegen/src/core/utils/writeInterface.ts": {"path":"/Users/zengxiangda/Projects/learn/d-ts-codegen/src/core/utils/writeInterface.ts","statementMap":{"0":{"start":{"line":11,"column":2},"end":{"line":18,"column":3}},"1":{"start":{"line":12,"column":4},"end":{"line":12,"column":41}},"2":{"start":{"line":13,"column":16},"end":{"line":15,"column":5}},"3":{"start":{"line":14,"column":26},"end":{"line":14,"column":85}},"4":{"start":{"line":17,"column":4},"end":{"line":17,"column":22}}},"fnMap":{"0":{"name":"writeInterfaces","decl":{"start":{"line":6,"column":22},"end":{"line":6,"column":37}},"loc":{"start":{"line":10,"column":17},"end":{"line":20,"column":1}},"line":10},"1":{"name":"(anonymous_1)","decl":{"start":{"line":14,"column":17},"end":{"line":14,"column":18}},"loc":{"start":{"line":14,"column":26},"end":{"line":14,"column":85}},"line":14}},"branchMap":{},"s":{"0":2,"1":2,"2":2,"3":28,"4":0},"f":{"0":2,"1":28},"b":{},"_coverageSchema":"1a1c01bbd47fc00a2c39e90264f33305004495a9","hash":"73f19bcec03e864216e0b7b9997a23163fffd857"}
,"/Users/zengxiangda/Projects/learn/d-ts-codegen/src/core/utils/writeRequest.ts": {"path":"/Users/zengxiangda/Projects/learn/d-ts-codegen/src/core/utils/writeRequest.ts","statementMap":{"0":{"start":{"line":9,"column":2},"end":{"line":21,"column":3}},"1":{"start":{"line":10,"column":4},"end":{"line":10,"column":42}},"2":{"start":{"line":11,"column":4},"end":{"line":18,"column":6}},"3":{"start":{"line":20,"column":4},"end":{"line":20,"column":22}}},"fnMap":{"0":{"name":"writeRequest","decl":{"start":{"line":5,"column":22},"end":{"line":5,"column":34}},"loc":{"start":{"line":8,"column":17},"end":{"line":22,"column":1}},"line":8}},"branchMap":{},"s":{"0":2,"1":2,"2":2,"3":0},"f":{"0":2},"b":{},"_coverageSchema":"1a1c01bbd47fc00a2c39e90264f33305004495a9","hash":"d79bf892222c0c772ded88b1c160984fc935065c"}
,"/Users/zengxiangda/Projects/learn/d-ts-codegen/src/core/utils/writeServices.ts": {"path":"/Users/zengxiangda/Projects/learn/d-ts-codegen/src/core/utils/writeServices.ts","statementMap":{"0":{"start":{"line":10,"column":2},"end":{"line":22,"column":3}},"1":{"start":{"line":11,"column":4},"end":{"line":11,"column":43}},"2":{"start":{"line":12,"column":16},"end":{"line":19,"column":5}},"3":{"start":{"line":14,"column":8},"end":{"line":17,"column":30}},"4":{"start":{"line":21,"column":4},"end":{"line":21,"column":22}}},"fnMap":{"0":{"name":"writeServices","decl":{"start":{"line":4,"column":22},"end":{"line":4,"column":35}},"loc":{"start":{"line":9,"column":17},"end":{"line":24,"column":1}},"line":9},"1":{"name":"(anonymous_1)","decl":{"start":{"line":13,"column":19},"end":{"line":13,"column":20}},"loc":{"start":{"line":14,"column":8},"end":{"line":17,"column":30}},"line":14}},"branchMap":{},"s":{"0":2,"1":2,"2":2,"3":4,"4":0},"f":{"0":2,"1":4},"b":{},"_coverageSchema":"1a1c01bbd47fc00a2c39e90264f33305004495a9","hash":"9011e35ed1cf2c38854c3882e7bf9e5cf4abe099"}
}
