{"/Users/zengxiangda/Projects/learn/d-ts-codegen/src/core/index.ts": {"path":"/Users/zengxiangda/Projects/learn/d-ts-codegen/src/core/index.ts","statementMap":{"0":{"start":{"line":16,"column":28},"end":{"line":19,"column":4}},"1":{"start":{"line":20,"column":16},"end":{"line":20,"column":55}},"2":{"start":{"line":21,"column":2},"end":{"line":57,"column":3}},"3":{"start":{"line":22,"column":21},"end":{"line":22,"column":52}},"4":{"start":{"line":23,"column":4},"end":{"line":25,"column":5}},"5":{"start":{"line":24,"column":6},"end":{"line":24,"column":33}},"6":{"start":{"line":26,"column":4},"end":{"line":26,"column":31}},"7":{"start":{"line":27,"column":4},"end":{"line":41,"column":5}},"8":{"start":{"line":42,"column":31},"end":{"line":45,"column":6}},"9":{"start":{"line":46,"column":4},"end":{"line":56,"column":5}},"10":{"start":{"line":48,"column":17},"end":{"line":48,"column":36}},"11":{"start":{"line":51,"column":21},"end":{"line":51,"column":44}}},"fnMap":{"0":{"name":"main","decl":{"start":{"line":7,"column":22},"end":{"line":7,"column":26}},"loc":{"start":{"line":15,"column":18},"end":{"line":58,"column":1}},"line":15},"1":{"name":"(anonymous_1)","decl":{"start":{"line":48,"column":8},"end":{"line":48,"column":9}},"loc":{"start":{"line":48,"column":17},"end":{"line":48,"column":36}},"line":48},"2":{"name":"(anonymous_2)","decl":{"start":{"line":51,"column":10},"end":{"line":51,"column":11}},"loc":{"start":{"line":51,"column":21},"end":{"line":51,"column":44}},"line":51}},"branchMap":{"0":{"loc":{"start":{"line":20,"column":41},"end":{"line":20,"column":54}},"type":"binary-expr","locations":[{"start":{"line":20,"column":41},"end":{"line":20,"column":44}},{"start":{"line":20,"column":48},"end":{"line":20,"column":54}}],"line":20},"1":{"loc":{"start":{"line":21,"column":2},"end":{"line":57,"column":3}},"type":"if","locations":[{"start":{"line":21,"column":2},"end":{"line":57,"column":3}},{"start":{"line":21,"column":2},"end":{"line":57,"column":3}}],"line":21},"2":{"loc":{"start":{"line":23,"column":4},"end":{"line":25,"column":5}},"type":"if","locations":[{"start":{"line":23,"column":4},"end":{"line":25,"column":5}},{"start":{"line":23,"column":4},"end":{"line":25,"column":5}}],"line":23},"3":{"loc":{"start":{"line":38,"column":10},"end":{"line":38,"column":34}},"type":"binary-expr","locations":[{"start":{"line":38,"column":10},"end":{"line":38,"column":21}},{"start":{"line":38,"column":25},"end":{"line":38,"column":34}}],"line":38}},"s":{"0":1,"1":1,"2":1,"3":0,"4":0,"5":0,"6":0,"7":0,"8":0,"9":0,"10":0,"11":0},"f":{"0":1,"1":0,"2":0},"b":{"0":[1,0],"1":[0,1],"2":[0,0],"3":[0,0]},"_coverageSchema":"1a1c01bbd47fc00a2c39e90264f33305004495a9","hash":"d4da75e2e86f528f8716aba1c3488cca5895a45d"}
,"/Users/zengxiangda/Projects/learn/d-ts-codegen/src/core/interfaces/index.ts": {"path":"/Users/zengxiangda/Projects/learn/d-ts-codegen/src/core/interfaces/index.ts","statementMap":{"0":{"start":{"line":5,"column":20},"end":{"line":5,"column":41}},"1":{"start":{"line":10,"column":32},"end":{"line":10,"column":34}},"2":{"start":{"line":11,"column":25},"end":{"line":11,"column":49}},"3":{"start":{"line":12,"column":2},"end":{"line":41,"column":4}},"4":{"start":{"line":13,"column":31},"end":{"line":18,"column":5}},"5":{"start":{"line":19,"column":4},"end":{"line":40,"column":5}},"6":{"start":{"line":21,"column":8},"end":{"line":38,"column":9}},"7":{"start":{"line":25,"column":26},"end":{"line":25,"column":86}},"8":{"start":{"line":26,"column":31},"end":{"line":27,"column":71}},"9":{"start":{"line":28,"column":12},"end":{"line":30,"column":51}},"10":{"start":{"line":31,"column":12},"end":{"line":35,"column":14}},"11":{"start":{"line":36,"column":12},"end":{"line":36,"column":30}},"12":{"start":{"line":39,"column":8},"end":{"line":39,"column":13}},"13":{"start":{"line":42,"column":2},"end":{"line":42,"column":15}},"14":{"start":{"line":50,"column":2},"end":{"line":50,"column":68}},"15":{"start":{"line":62,"column":2},"end":{"line":69,"column":3}},"16":{"start":{"line":63,"column":18},"end":{"line":63,"column":45}},"17":{"start":{"line":64,"column":4},"end":{"line":68,"column":5}},"18":{"start":{"line":70,"column":2},"end":{"line":96,"column":3}},"19":{"start":{"line":73,"column":6},"end":{"line":73,"column":63}},"20":{"start":{"line":75,"column":6},"end":{"line":78,"column":7}},"21":{"start":{"line":80,"column":6},"end":{"line":80,"column":37}},"22":{"start":{"line":82,"column":6},"end":{"line":85,"column":7}},"23":{"start":{"line":87,"column":6},"end":{"line":90,"column":7}},"24":{"start":{"line":92,"column":6},"end":{"line":95,"column":7}},"25":{"start":{"line":99,"column":2},"end":{"line":99,"column":65}},"26":{"start":{"line":107,"column":2},"end":{"line":107,"column":72}},"27":{"start":{"line":107,"column":37},"end":{"line":107,"column":67}},"28":{"start":{"line":110,"column":25},"end":{"line":110,"column":54}},"29":{"start":{"line":111,"column":2},"end":{"line":115,"column":3}}},"fnMap":{"0":{"name":"convertModels","decl":{"start":{"line":9,"column":16},"end":{"line":9,"column":29}},"loc":{"start":{"line":9,"column":90},"end":{"line":43,"column":1}},"line":9},"1":{"name":"(anonymous_1)","decl":{"start":{"line":12,"column":25},"end":{"line":12,"column":26}},"loc":{"start":{"line":12,"column":42},"end":{"line":41,"column":3}},"line":12},"2":{"name":"(anonymous_2)","decl":{"start":{"line":24,"column":10},"end":{"line":24,"column":11}},"loc":{"start":{"line":24,"column":22},"end":{"line":37,"column":11}},"line":24},"3":{"name":"converDefinitionProperty","decl":{"start":{"line":49,"column":16},"end":{"line":49,"column":40}},"loc":{"start":{"line":49,"column":77},"end":{"line":51,"column":1}},"line":49},"4":{"name":"formatTypes","decl":{"start":{"line":56,"column":16},"end":{"line":56,"column":27}},"loc":{"start":{"line":60,"column":2},"end":{"line":97,"column":1}},"line":60},"5":{"name":"formatRefsLink","decl":{"start":{"line":98,"column":16},"end":{"line":98,"column":30}},"loc":{"start":{"line":98,"column":52},"end":{"line":100,"column":1}},"line":98},"6":{"name":"formatStringEnums","decl":{"start":{"line":106,"column":16},"end":{"line":106,"column":33}},"loc":{"start":{"line":106,"column":65},"end":{"line":108,"column":1}},"line":106},"7":{"name":"(anonymous_7)","decl":{"start":{"line":107,"column":27},"end":{"line":107,"column":28}},"loc":{"start":{"line":107,"column":37},"end":{"line":107,"column":67}},"line":107},"8":{"name":"formatArrayTypes","decl":{"start":{"line":109,"column":16},"end":{"line":109,"column":32}},"loc":{"start":{"line":109,"column":56},"end":{"line":116,"column":1}},"line":109}},"branchMap":{"0":{"loc":{"start":{"line":14,"column":37},"end":{"line":14,"column":86}},"type":"binary-expr","locations":[{"start":{"line":14,"column":37},"end":{"line":14,"column":69}},{"start":{"line":14,"column":73},"end":{"line":14,"column":86}}],"line":14},"1":{"loc":{"start":{"line":19,"column":4},"end":{"line":40,"column":5}},"type":"switch","locations":[{"start":{"line":20,"column":6},"end":{"line":39,"column":13}}],"line":19},"2":{"loc":{"start":{"line":21,"column":8},"end":{"line":38,"column":9}},"type":"binary-expr","locations":[{"start":{"line":21,"column":8},"end":{"line":21,"column":45}},{"start":{"line":21,"column":49},"end":{"line":38,"column":9}}],"line":21},"3":{"loc":{"start":{"line":26,"column":31},"end":{"line":27,"column":71}},"type":"binary-expr","locations":[{"start":{"line":26,"column":31},"end":{"line":26,"column":66}},{"start":{"line":27,"column":17},"end":{"line":27,"column":71}}],"line":26},"4":{"loc":{"start":{"line":28,"column":12},"end":{"line":30,"column":51}},"type":"binary-expr","locations":[{"start":{"line":28,"column":12},"end":{"line":28,"column":23}},{"start":{"line":29,"column":17},"end":{"line":29,"column":35}},{"start":{"line":30,"column":17},"end":{"line":30,"column":51}}],"line":28},"5":{"loc":{"start":{"line":62,"column":2},"end":{"line":69,"column":3}},"type":"if","locations":[{"start":{"line":62,"column":2},"end":{"line":69,"column":3}},{"start":{"line":62,"column":2},"end":{"line":69,"column":3}}],"line":62},"6":{"loc":{"start":{"line":70,"column":2},"end":{"line":96,"column":3}},"type":"switch","locations":[{"start":{"line":71,"column":4},"end":{"line":71,"column":18}},{"start":{"line":72,"column":4},"end":{"line":73,"column":63}},{"start":{"line":74,"column":4},"end":{"line":78,"column":7}},{"start":{"line":79,"column":4},"end":{"line":80,"column":37}},{"start":{"line":81,"column":4},"end":{"line":85,"column":7}},{"start":{"line":86,"column":4},"end":{"line":90,"column":7}},{"start":{"line":91,"column":4},"end":{"line":95,"column":7}}],"line":70},"7":{"loc":{"start":{"line":76,"column":14},"end":{"line":76,"column":69}},"type":"cond-expr","locations":[{"start":{"line":76,"column":28},"end":{"line":76,"column":58}},{"start":{"line":76,"column":61},"end":{"line":76,"column":69}}],"line":76},"8":{"loc":{"start":{"line":107,"column":37},"end":{"line":107,"column":67}},"type":"cond-expr","locations":[{"start":{"line":107,"column":41},"end":{"line":107,"column":56}},{"start":{"line":107,"column":59},"end":{"line":107,"column":67}}],"line":107},"9":{"loc":{"start":{"line":114,"column":11},"end":{"line":114,"column":22}},"type":"binary-expr","locations":[{"start":{"line":114,"column":11},"end":{"line":114,"column":16}},{"start":{"line":114,"column":20},"end":{"line":114,"column":22}}],"line":114}},"s":{"0":3,"1":1,"2":1,"3":1,"4":1,"5":1,"6":1,"7":5,"8":5,"9":5,"10":5,"11":5,"12":1,"13":1,"14":20,"15":49,"16":16,"17":16,"18":33,"19":9,"20":15,"21":7,"22":0,"23":1,"24":1,"25":16,"26":3,"27":11,"28":10,"29":10},"f":{"0":1,"1":1,"2":5,"3":20,"4":49,"5":16,"6":3,"7":11,"8":10},"b":{"0":[1,0],"1":[1],"2":[1,1],"3":[5,0],"4":[5,2,1],"5":[16,33],"6":[1,9,15,7,0,1,1],"7":[2,13],"8":[8,3],"9":[10,5]},"_coverageSchema":"1a1c01bbd47fc00a2c39e90264f33305004495a9","hash":"00efd3fe50b18228014b20c7c5855ae0b21339f5"}
,"/Users/zengxiangda/Projects/learn/d-ts-codegen/src/core/services/index.ts": {"path":"/Users/zengxiangda/Projects/learn/d-ts-codegen/src/core/services/index.ts","statementMap":{"0":{"start":{"line":6,"column":59},"end":{"line":6,"column":61}},"1":{"start":{"line":7,"column":2},"end":{"line":14,"column":4}},"2":{"start":{"line":8,"column":4},"end":{"line":13,"column":5}},"3":{"start":{"line":15,"column":2},"end":{"line":15,"column":22}},"4":{"start":{"line":19,"column":22},"end":{"line":19,"column":50}},"5":{"start":{"line":21,"column":16},"end":{"line":21,"column":42}},"6":{"start":{"line":22,"column":2},"end":{"line":59,"column":4}},"7":{"start":{"line":23,"column":20},"end":{"line":23,"column":39}},"8":{"start":{"line":24,"column":4},"end":{"line":58,"column":6}},"9":{"start":{"line":25,"column":28},"end":{"line":25,"column":43}},"10":{"start":{"line":26,"column":6},"end":{"line":57,"column":7}},"11":{"start":{"line":27,"column":20},"end":{"line":27,"column":56}},"12":{"start":{"line":32,"column":23},"end":{"line":32,"column":62}},"13":{"start":{"line":33,"column":37},"end":{"line":33,"column":39}},"14":{"start":{"line":34,"column":8},"end":{"line":42,"column":13}},"15":{"start":{"line":36,"column":12},"end":{"line":41,"column":14}},"16":{"start":{"line":37,"column":14},"end":{"line":39,"column":15}},"17":{"start":{"line":38,"column":16},"end":{"line":38,"column":54}},"18":{"start":{"line":40,"column":14},"end":{"line":40,"column":40}},"19":{"start":{"line":43,"column":25},"end":{"line":43,"column":65}},"20":{"start":{"line":44,"column":8},"end":{"line":44,"column":83}},"21":{"start":{"line":45,"column":24},"end":{"line":55,"column":9}},"22":{"start":{"line":56,"column":8},"end":{"line":56,"column":34}},"23":{"start":{"line":60,"column":2},"end":{"line":63,"column":4}},"24":{"start":{"line":61,"column":4},"end":{"line":61,"column":58}},"25":{"start":{"line":62,"column":4},"end":{"line":62,"column":18}},"26":{"start":{"line":67,"column":18},"end":{"line":72,"column":3}},"27":{"start":{"line":69,"column":4},"end":{"line":71,"column":18}},"28":{"start":{"line":73,"column":2},"end":{"line":75,"column":34}},"29":{"start":{"line":79,"column":2},"end":{"line":79,"column":100}},"30":{"start":{"line":85,"column":66},"end":{"line":85,"column":68}},"31":{"start":{"line":86,"column":2},"end":{"line":96,"column":4}},"32":{"start":{"line":87,"column":4},"end":{"line":87,"column":69}},"33":{"start":{"line":87,"column":37},"end":{"line":87,"column":69}},"34":{"start":{"line":88,"column":4},"end":{"line":95,"column":6}},"35":{"start":{"line":97,"column":2},"end":{"line":97,"column":22}}},"fnMap":{"0":{"name":"getControllers","decl":{"start":{"line":5,"column":16},"end":{"line":5,"column":30}},"loc":{"start":{"line":5,"column":79},"end":{"line":16,"column":1}},"line":5},"1":{"name":"(anonymous_1)","decl":{"start":{"line":7,"column":15},"end":{"line":7,"column":16}},"loc":{"start":{"line":7,"column":22},"end":{"line":14,"column":3}},"line":7},"2":{"name":"convertService","decl":{"start":{"line":18,"column":16},"end":{"line":18,"column":30}},"loc":{"start":{"line":18,"column":70},"end":{"line":64,"column":1}},"line":18},"3":{"name":"(anonymous_3)","decl":{"start":{"line":22,"column":16},"end":{"line":22,"column":17}},"loc":{"start":{"line":22,"column":24},"end":{"line":59,"column":3}},"line":22},"4":{"name":"(anonymous_4)","decl":{"start":{"line":24,"column":33},"end":{"line":24,"column":34}},"loc":{"start":{"line":24,"column":43},"end":{"line":58,"column":5}},"line":24},"5":{"name":"(anonymous_5)","decl":{"start":{"line":35,"column":19},"end":{"line":35,"column":20}},"loc":{"start":{"line":35,"column":28},"end":{"line":42,"column":11}},"line":35},"6":{"name":"(anonymous_6)","decl":{"start":{"line":36,"column":26},"end":{"line":36,"column":27}},"loc":{"start":{"line":36,"column":39},"end":{"line":41,"column":13}},"line":36},"7":{"name":"(anonymous_7)","decl":{"start":{"line":60,"column":42},"end":{"line":60,"column":43}},"loc":{"start":{"line":60,"column":53},"end":{"line":63,"column":3}},"line":60},"8":{"name":"getServiceName","decl":{"start":{"line":66,"column":9},"end":{"line":66,"column":23}},"loc":{"start":{"line":66,"column":46},"end":{"line":76,"column":1}},"line":66},"9":{"name":"(anonymous_9)","decl":{"start":{"line":68,"column":4},"end":{"line":68,"column":5}},"loc":{"start":{"line":69,"column":4},"end":{"line":71,"column":18}},"line":69},"10":{"name":"getResponseType","decl":{"start":{"line":78,"column":16},"end":{"line":78,"column":31}},"loc":{"start":{"line":78,"column":60},"end":{"line":80,"column":1}},"line":78},"11":{"name":"getParameters","decl":{"start":{"line":82,"column":16},"end":{"line":82,"column":29}},"loc":{"start":{"line":84,"column":44},"end":{"line":98,"column":1}},"line":84},"12":{"name":"(anonymous_12)","decl":{"start":{"line":86,"column":21},"end":{"line":86,"column":22}},"loc":{"start":{"line":86,"column":34},"end":{"line":96,"column":3}},"line":86}},"branchMap":{"0":{"loc":{"start":{"line":26,"column":6},"end":{"line":57,"column":7}},"type":"if","locations":[{"start":{"line":26,"column":6},"end":{"line":57,"column":7}},{"start":{"line":26,"column":6},"end":{"line":57,"column":7}}],"line":26},"1":{"loc":{"start":{"line":37,"column":14},"end":{"line":39,"column":15}},"type":"if","locations":[{"start":{"line":37,"column":14},"end":{"line":39,"column":15}},{"start":{"line":37,"column":14},"end":{"line":39,"column":15}}],"line":37},"2":{"loc":{"start":{"line":44,"column":8},"end":{"line":44,"column":83}},"type":"binary-expr","locations":[{"start":{"line":44,"column":8},"end":{"line":44,"column":36}},{"start":{"line":44,"column":40},"end":{"line":44,"column":83}}],"line":44},"3":{"loc":{"start":{"line":44,"column":61},"end":{"line":44,"column":81}},"type":"binary-expr","locations":[{"start":{"line":44,"column":61},"end":{"line":44,"column":75}},{"start":{"line":44,"column":79},"end":{"line":44,"column":81}}],"line":44},"4":{"loc":{"start":{"line":51,"column":12},"end":{"line":52,"column":38}},"type":"cond-expr","locations":[{"start":{"line":52,"column":14},"end":{"line":52,"column":27}},{"start":{"line":52,"column":30},"end":{"line":52,"column":38}}],"line":51},"5":{"loc":{"start":{"line":69,"column":4},"end":{"line":71,"column":18}},"type":"cond-expr","locations":[{"start":{"line":70,"column":8},"end":{"line":70,"column":32}},{"start":{"line":71,"column":8},"end":{"line":71,"column":18}}],"line":69},"6":{"loc":{"start":{"line":73,"column":9},"end":{"line":75,"column":34}},"type":"cond-expr","locations":[{"start":{"line":74,"column":6},"end":{"line":74,"column":22}},{"start":{"line":75,"column":6},"end":{"line":75,"column":34}}],"line":73},"7":{"loc":{"start":{"line":79,"column":9},"end":{"line":79,"column":100}},"type":"cond-expr","locations":[{"start":{"line":79,"column":55},"end":{"line":79,"column":91}},{"start":{"line":79,"column":94},"end":{"line":79,"column":100}}],"line":79},"8":{"loc":{"start":{"line":79,"column":9},"end":{"line":79,"column":52}},"type":"binary-expr","locations":[{"start":{"line":79,"column":9},"end":{"line":79,"column":25}},{"start":{"line":79,"column":29},"end":{"line":79,"column":52}}],"line":79},"9":{"loc":{"start":{"line":87,"column":4},"end":{"line":87,"column":69}},"type":"if","locations":[{"start":{"line":87,"column":4},"end":{"line":87,"column":69}},{"start":{"line":87,"column":4},"end":{"line":87,"column":69}}],"line":87},"10":{"loc":{"start":{"line":91,"column":8},"end":{"line":91,"column":37}},"type":"binary-expr","locations":[{"start":{"line":91,"column":8},"end":{"line":91,"column":24}},{"start":{"line":91,"column":28},"end":{"line":91,"column":37}}],"line":91}},"s":{"0":2,"1":2,"2":6,"3":2,"4":1,"5":1,"6":1,"7":14,"8":14,"9":20,"10":20,"11":20,"12":20,"13":20,"14":20,"15":22,"16":25,"17":0,"18":25,"19":20,"20":20,"21":20,"22":20,"23":1,"24":3,"25":3,"26":6,"27":24,"28":6,"29":20,"30":20,"31":20,"32":25,"33":22,"34":25,"35":20},"f":{"0":2,"1":6,"2":1,"3":14,"4":20,"5":22,"6":25,"7":3,"8":6,"9":24,"10":20,"11":20,"12":25},"b":{"0":[20,0],"1":[0,25],"2":[20,9],"3":[9,2],"4":[9,11],"5":[6,18],"6":[0,6],"7":[9,11],"8":[20,9],"9":[22,3],"10":[25,18]},"_coverageSchema":"1a1c01bbd47fc00a2c39e90264f33305004495a9","hash":"3ae2c532667aed6f417eb89b529c1341b00dbcad"}
,"/Users/zengxiangda/Projects/learn/d-ts-codegen/src/core/utils/files.ts": {"path":"/Users/zengxiangda/Projects/learn/d-ts-codegen/src/core/utils/files.ts","statementMap":{"0":{"start":{"line":6,"column":2},"end":{"line":14,"column":3}},"1":{"start":{"line":7,"column":22},"end":{"line":7,"column":49}},"2":{"start":{"line":8,"column":4},"end":{"line":11,"column":5}},"3":{"start":{"line":13,"column":4},"end":{"line":13,"column":49}}},"fnMap":{"0":{"name":"writeMustacheFile","decl":{"start":{"line":5,"column":22},"end":{"line":5,"column":39}},"loc":{"start":{"line":5,"column":57},"end":{"line":15,"column":1}},"line":5},"1":{"name":"folderCheck","decl":{"start":{"line":17,"column":22},"end":{"line":17,"column":33}},"loc":{"start":{"line":17,"column":40},"end":{"line":19,"column":1}},"line":17}},"branchMap":{},"s":{"0":0,"1":0,"2":0,"3":0},"f":{"0":0,"1":0},"b":{},"_coverageSchema":"1a1c01bbd47fc00a2c39e90264f33305004495a9","hash":"a069cb3fd681916f7aa504b5af82b884971fbc3a"}
,"/Users/zengxiangda/Projects/learn/d-ts-codegen/src/core/utils/index.ts": {"path":"/Users/zengxiangda/Projects/learn/d-ts-codegen/src/core/utils/index.ts","statementMap":{},"fnMap":{},"branchMap":{},"s":{},"f":{},"b":{},"_coverageSchema":"1a1c01bbd47fc00a2c39e90264f33305004495a9","hash":"98469971c3ecb27ef0aa080011cf4d526b4a7117"}
,"/Users/zengxiangda/Projects/learn/d-ts-codegen/src/core/utils/share.ts": {"path":"/Users/zengxiangda/Projects/learn/d-ts-codegen/src/core/utils/share.ts","statementMap":{"0":{"start":{"line":12,"column":23},"end":{"line":12,"column":64}},"1":{"start":{"line":13,"column":16},"end":{"line":13,"column":50}},"2":{"start":{"line":16,"column":6},"end":{"line":16,"column":8}},"3":{"start":{"line":17,"column":2},"end":{"line":22,"column":3}},"4":{"start":{"line":17,"column":13},"end":{"line":17,"column":14}},"5":{"start":{"line":18,"column":4},"end":{"line":21,"column":5}},"6":{"start":{"line":23,"column":2},"end":{"line":23,"column":18}},"7":{"start":{"line":31,"column":2},"end":{"line":36,"column":3}},"8":{"start":{"line":32,"column":16},"end":{"line":32,"column":56}},"9":{"start":{"line":32,"column":45},"end":{"line":32,"column":55}},"10":{"start":{"line":33,"column":4},"end":{"line":33,"column":14}},"11":{"start":{"line":35,"column":4},"end":{"line":35,"column":60}}},"fnMap":{"0":{"name":"getTemplates","decl":{"start":{"line":9,"column":22},"end":{"line":9,"column":34}},"loc":{"start":{"line":11,"column":3},"end":{"line":24,"column":1}},"line":11},"1":{"name":"fetchApiJson","decl":{"start":{"line":30,"column":22},"end":{"line":30,"column":34}},"loc":{"start":{"line":30,"column":66},"end":{"line":37,"column":1}},"line":30},"2":{"name":"(anonymous_2)","decl":{"start":{"line":32,"column":38},"end":{"line":32,"column":39}},"loc":{"start":{"line":32,"column":45},"end":{"line":32,"column":55}},"line":32}},"branchMap":{},"s":{"0":4,"1":4,"2":4,"3":4,"4":4,"5":12,"6":4,"7":2,"8":2,"9":1,"10":1,"11":0},"f":{"0":4,"1":2,"2":1},"b":{},"_coverageSchema":"1a1c01bbd47fc00a2c39e90264f33305004495a9","hash":"250e4f477ea11adb59005d1abd861a19a490706c"}
,"/Users/zengxiangda/Projects/learn/d-ts-codegen/src/core/utils/writeIndex.ts": {"path":"/Users/zengxiangda/Projects/learn/d-ts-codegen/src/core/utils/writeIndex.ts","statementMap":{"0":{"start":{"line":7,"column":2},"end":{"line":15,"column":3}},"1":{"start":{"line":8,"column":16},"end":{"line":12,"column":12}},"2":{"start":{"line":14,"column":4},"end":{"line":14,"column":22}}},"fnMap":{"0":{"name":"writeIndex","decl":{"start":{"line":2,"column":22},"end":{"line":2,"column":32}},"loc":{"start":{"line":6,"column":17},"end":{"line":17,"column":1}},"line":6}},"branchMap":{},"s":{"0":2,"1":2,"2":0},"f":{"0":2},"b":{},"_coverageSchema":"1a1c01bbd47fc00a2c39e90264f33305004495a9","hash":"50e9ae5bb4b62af1d40e81471a72b272a89bab1b"}
,"/Users/zengxiangda/Projects/learn/d-ts-codegen/src/core/utils/writeInterface.ts": {"path":"/Users/zengxiangda/Projects/learn/d-ts-codegen/src/core/utils/writeInterface.ts","statementMap":{"0":{"start":{"line":11,"column":2},"end":{"line":18,"column":3}},"1":{"start":{"line":12,"column":4},"end":{"line":12,"column":41}},"2":{"start":{"line":13,"column":16},"end":{"line":15,"column":5}},"3":{"start":{"line":14,"column":26},"end":{"line":14,"column":84}},"4":{"start":{"line":17,"column":4},"end":{"line":17,"column":22}}},"fnMap":{"0":{"name":"writeInterfaces","decl":{"start":{"line":6,"column":22},"end":{"line":6,"column":37}},"loc":{"start":{"line":10,"column":17},"end":{"line":20,"column":1}},"line":10},"1":{"name":"(anonymous_1)","decl":{"start":{"line":14,"column":17},"end":{"line":14,"column":18}},"loc":{"start":{"line":14,"column":26},"end":{"line":14,"column":84}},"line":14}},"branchMap":{},"s":{"0":1,"1":1,"2":1,"3":1,"4":0},"f":{"0":1,"1":1},"b":{},"_coverageSchema":"1a1c01bbd47fc00a2c39e90264f33305004495a9","hash":"a36e822fc4b48fcfd9750fd8b0317d63e05d9884"}
,"/Users/zengxiangda/Projects/learn/d-ts-codegen/src/core/utils/writeServices.ts": {"path":"/Users/zengxiangda/Projects/learn/d-ts-codegen/src/core/utils/writeServices.ts","statementMap":{"0":{"start":{"line":10,"column":2},"end":{"line":22,"column":3}},"1":{"start":{"line":11,"column":4},"end":{"line":11,"column":43}},"2":{"start":{"line":12,"column":16},"end":{"line":19,"column":5}},"3":{"start":{"line":14,"column":8},"end":{"line":17,"column":30}},"4":{"start":{"line":21,"column":4},"end":{"line":21,"column":22}}},"fnMap":{"0":{"name":"writeServices","decl":{"start":{"line":4,"column":22},"end":{"line":4,"column":35}},"loc":{"start":{"line":9,"column":17},"end":{"line":24,"column":1}},"line":9},"1":{"name":"(anonymous_1)","decl":{"start":{"line":13,"column":19},"end":{"line":13,"column":20}},"loc":{"start":{"line":14,"column":8},"end":{"line":17,"column":30}},"line":14}},"branchMap":{},"s":{"0":1,"1":1,"2":1,"3":1,"4":0},"f":{"0":1,"1":1},"b":{},"_coverageSchema":"1a1c01bbd47fc00a2c39e90264f33305004495a9","hash":"9011e35ed1cf2c38854c3882e7bf9e5cf4abe099"}
}
