TN:
SF:src/core/index.ts
FN:7,main
FN:48,(anonymous_1)
FN:51,(anonymous_2)
FNF:3
FNH:3
FNDA:1,main
FNDA:6,(anonymous_1)
FNDA:3,(anonymous_2)
DA:16,1
DA:20,1
DA:21,1
DA:22,1
DA:23,1
DA:24,1
DA:26,1
DA:27,1
DA:42,1
DA:46,1
DA:48,6
DA:51,3
LF:12
LH:12
BRDA:20,0,0,1
BRDA:20,0,1,0
BRDA:21,1,0,1
BRDA:21,1,1,0
BRDA:23,2,0,1
BRDA:23,2,1,0
BRDA:38,3,0,1
BRDA:38,3,1,1
BRF:8
BRH:5
end_of_record
TN:
SF:src/core/interfaces/index.ts
FN:9,convertModels
FN:12,(anonymous_1)
FN:24,(anonymous_2)
FN:49,converDefinitionProperty
FN:56,formatTypes
FN:98,formatRefsLink
FN:106,formatStringEnums
FN:107,(anonymous_7)
FN:109,formatArrayTypes
FNF:9
FNH:9
FNDA:2,convertModels
FNDA:7,(anonymous_1)
FNDA:32,(anonymous_2)
FNDA:42,converDefinitionProperty
FNDA:118,formatTypes
FNDA:32,formatRefsLink
FNDA:6,formatStringEnums
FNDA:20,(anonymous_7)
FNDA:18,formatArrayTypes
DA:5,3
DA:10,2
DA:11,2
DA:12,2
DA:13,7
DA:19,7
DA:21,7
DA:25,32
DA:26,32
DA:28,32
DA:31,32
DA:36,32
DA:39,7
DA:42,2
DA:50,42
DA:62,118
DA:63,32
DA:64,32
DA:70,86
DA:73,24
DA:75,42
DA:80,15
DA:82,1
DA:87,2
DA:92,2
DA:99,32
DA:107,20
DA:110,18
DA:111,18
LF:29
LH:29
BRDA:14,0,0,7
BRDA:14,0,1,6
BRDA:19,1,0,7
BRDA:21,2,0,7
BRDA:21,2,1,7
BRDA:26,3,0,32
BRDA:26,3,1,6
BRDA:28,4,0,32
BRDA:28,4,1,5
BRDA:28,4,2,3
BRDA:62,5,0,32
BRDA:62,5,1,86
BRDA:70,6,0,1
BRDA:70,6,1,24
BRDA:70,6,2,42
BRDA:70,6,3,15
BRDA:70,6,4,1
BRDA:70,6,5,2
BRDA:70,6,6,2
BRDA:76,7,0,5
BRDA:76,7,1,37
BRDA:107,8,0,14
BRDA:107,8,1,6
BRDA:114,9,0,18
BRDA:114,9,1,8
BRF:25
BRH:25
end_of_record
TN:
SF:src/core/services/index.ts
FN:5,getControllers
FN:7,(anonymous_1)
FN:18,convertService
FN:22,(anonymous_3)
FN:24,(anonymous_4)
FN:35,(anonymous_5)
FN:36,(anonymous_6)
FN:60,(anonymous_7)
FN:66,getServiceName
FN:68,(anonymous_9)
FN:78,getResponseType
FN:82,getParameters
FN:86,(anonymous_12)
FNF:13
FNH:13
FNDA:3,getControllers
FNDA:9,(anonymous_1)
FNDA:2,convertService
FNDA:28,(anonymous_3)
FNDA:40,(anonymous_4)
FNDA:44,(anonymous_5)
FNDA:50,(anonymous_6)
FNDA:6,(anonymous_7)
FNDA:9,getServiceName
FNDA:36,(anonymous_9)
FNDA:40,getResponseType
FNDA:40,getParameters
FNDA:50,(anonymous_12)
DA:6,3
DA:7,3
DA:8,9
DA:15,3
DA:19,2
DA:21,2
DA:22,2
DA:23,28
DA:24,28
DA:25,40
DA:26,40
DA:27,40
DA:32,40
DA:33,40
DA:34,40
DA:36,44
DA:37,50
DA:38,0
DA:40,50
DA:43,40
DA:44,40
DA:45,40
DA:56,40
DA:60,2
DA:61,6
DA:62,6
DA:67,9
DA:69,36
DA:73,9
DA:79,40
DA:85,40
DA:86,40
DA:87,50
DA:88,50
DA:97,40
LF:35
LH:34
BRDA:26,0,0,40
BRDA:26,0,1,0
BRDA:37,1,0,0
BRDA:37,1,1,50
BRDA:44,2,0,40
BRDA:44,2,1,18
BRDA:44,3,0,18
BRDA:44,3,1,4
BRDA:51,4,0,18
BRDA:51,4,1,22
BRDA:69,5,0,9
BRDA:69,5,1,27
BRDA:73,6,0,0
BRDA:73,6,1,9
BRDA:79,7,0,18
BRDA:79,7,1,22
BRDA:79,8,0,40
BRDA:79,8,1,18
BRDA:87,9,0,44
BRDA:87,9,1,6
BRDA:91,10,0,50
BRDA:91,10,1,36
BRF:22
BRH:19
end_of_record
TN:
SF:src/core/utils/files.ts
FN:5,writeMustacheFile
FNF:1
FNH:1
FNDA:31,writeMustacheFile
DA:6,31
DA:7,31
DA:8,31
DA:13,0
LF:4
LH:3
BRF:0
BRH:0
end_of_record
TN:
SF:src/core/utils/index.ts
FNF:0
FNH:0
LF:0
LH:0
BRF:0
BRH:0
end_of_record
TN:
SF:src/core/utils/share.ts
FN:9,getTemplates
FN:30,fetchApiJson
FN:32,(anonymous_2)
FNF:3
FNH:3
FNDA:5,getTemplates
FNDA:3,fetchApiJson
FNDA:2,(anonymous_2)
DA:12,5
DA:13,5
DA:16,5
DA:17,5
DA:18,15
DA:23,5
DA:31,3
DA:32,3
DA:33,2
DA:35,0
LF:10
LH:9
BRF:0
BRH:0
end_of_record
TN:
SF:src/core/utils/writeIndex.ts
FN:2,writeIndex
FNF:1
FNH:1
FNDA:3,writeIndex
DA:7,3
DA:8,3
DA:14,0
LF:3
LH:2
BRF:0
BRH:0
end_of_record
TN:
SF:src/core/utils/writeInterface.ts
FN:6,writeInterfaces
FN:14,(anonymous_1)
FNF:2
FNH:2
FNDA:2,writeInterfaces
FNDA:28,(anonymous_1)
DA:11,2
DA:12,2
DA:13,2
DA:14,28
DA:17,0
LF:5
LH:4
BRF:0
BRH:0
end_of_record
TN:
SF:src/core/utils/writeServices.ts
FN:4,writeServices
FN:14,(anonymous_1)
FNF:2
FNH:2
FNDA:2,writeServices
FNDA:4,(anonymous_1)
DA:10,2
DA:11,2
DA:12,2
DA:13,2
DA:15,4
DA:22,0
LF:6
LH:5
BRF:0
BRH:0
end_of_record
