TN:
SF:src/core/index.ts
FN:7,main
FN:51,(anonymous_1)
FN:54,(anonymous_2)
FNF:3
FNH:3
FNDA:1,main
FNDA:6,(anonymous_1)
FNDA:3,(anonymous_2)
DA:16,1
DA:20,1
DA:21,1
DA:22,1
DA:23,1
DA:24,1
DA:26,1
DA:27,1
DA:28,1
DA:30,1
DA:45,1
DA:49,1
DA:51,6
DA:54,3
LF:14
LH:14
BRDA:20,0,0,1
BRDA:20,0,1,0
BRDA:21,1,0,1
BRDA:21,1,1,0
BRDA:23,2,0,1
BRDA:23,2,1,0
BRDA:27,3,0,1
BRDA:27,3,1,0
BRDA:41,4,0,1
BRDA:41,4,1,1
BRF:10
BRH:6
end_of_record
TN:
SF:src/core/interfaces/index.ts
FN:9,convertModels
FN:12,(anonymous_1)
FN:24,(anonymous_2)
FN:49,converDefinitionProperty
FN:56,formatTypes
FN:98,formatRefsLink
FN:106,formatStringEnums
FN:107,(anonymous_7)
FN:109,formatArrayTypes
FNF:9
FNH:9
FNDA:2,convertModels
FNDA:7,(anonymous_1)
FNDA:32,(anonymous_2)
FNDA:43,converDefinitionProperty
FNDA:119,formatTypes
FNDA:33,formatRefsLink
FNDA:6,formatStringEnums
FNDA:20,(anonymous_7)
FNDA:18,formatArrayTypes
DA:5,3
DA:10,2
DA:11,2
DA:12,2
DA:13,7
DA:19,7
DA:21,7
DA:25,32
DA:26,32
DA:28,32
DA:31,32
DA:36,32
DA:39,7
DA:42,2
DA:50,43
DA:62,119
DA:63,33
DA:64,33
DA:70,86
DA:73,24
DA:75,42
DA:80,15
DA:82,1
DA:87,2
DA:92,2
DA:99,33
DA:107,20
DA:110,18
DA:111,18
LF:29
LH:29
BRDA:14,0,0,7
BRDA:14,0,1,6
BRDA:19,1,0,7
BRDA:21,2,0,7
BRDA:21,2,1,7
BRDA:26,3,0,32
BRDA:26,3,1,6
BRDA:28,4,0,32
BRDA:28,4,1,5
BRDA:28,4,2,3
BRDA:62,5,0,33
BRDA:62,5,1,86
BRDA:70,6,0,1
BRDA:70,6,1,24
BRDA:70,6,2,42
BRDA:70,6,3,15
BRDA:70,6,4,1
BRDA:70,6,5,2
BRDA:70,6,6,2
BRDA:76,7,0,5
BRDA:76,7,1,37
BRDA:107,8,0,14
BRDA:107,8,1,6
BRDA:114,9,0,18
BRDA:114,9,1,8
BRF:25
BRH:25
end_of_record
TN:
SF:src/core/services/index.ts
FN:5,getControllers
FN:7,(anonymous_1)
FN:18,convertService
FN:22,(anonymous_3)
FN:24,(anonymous_4)
FN:35,(anonymous_5)
FN:36,(anonymous_6)
FN:60,(anonymous_7)
FN:66,getServiceName
FN:69,(anonymous_9)
FN:77,getResponseType
FN:81,getParameters
FN:86,(anonymous_12)
FNF:13
FNH:13
FNDA:3,getControllers
FNDA:9,(anonymous_1)
FNDA:2,convertService
FNDA:28,(anonymous_3)
FNDA:40,(anonymous_4)
FNDA:44,(anonymous_5)
FNDA:50,(anonymous_6)
FNDA:6,(anonymous_7)
FNDA:9,getServiceName
FNDA:9,(anonymous_9)
FNDA:40,getResponseType
FNDA:41,getParameters
FNDA:51,(anonymous_12)
DA:6,3
DA:7,3
DA:8,9
DA:15,3
DA:19,2
DA:21,2
DA:22,2
DA:23,28
DA:24,28
DA:25,40
DA:26,40
DA:27,40
DA:32,40
DA:33,40
DA:34,40
DA:36,44
DA:37,50
DA:38,18
DA:40,50
DA:43,40
DA:44,40
DA:45,40
DA:56,40
DA:60,2
DA:61,6
DA:62,6
DA:67,9
DA:69,9
DA:74,9
DA:78,40
DA:84,41
DA:85,41
DA:86,41
DA:87,51
DA:88,51
DA:91,51
DA:99,41
LF:37
LH:37
BRDA:26,0,0,40
BRDA:26,0,1,0
BRDA:37,1,0,18
BRDA:37,1,1,32
BRDA:44,2,0,40
BRDA:44,2,1,18
BRDA:44,3,0,18
BRDA:44,3,1,4
BRDA:51,4,0,18
BRDA:51,4,1,22
BRDA:74,5,0,0
BRDA:74,5,1,9
BRDA:78,6,0,18
BRDA:78,6,1,22
BRDA:78,7,0,40
BRDA:78,7,1,18
BRDA:84,8,0,0
BRDA:84,8,1,41
BRDA:87,9,0,45
BRDA:87,9,1,6
BRDA:89,10,0,51
BRDA:89,10,1,36
BRF:22
BRH:19
end_of_record
TN:
SF:src/core/utils/files.ts
FN:5,writeMustacheFile
FNF:1
FNH:1
FNDA:33,writeMustacheFile
DA:6,33
DA:7,33
DA:8,33
DA:13,0
LF:4
LH:3
BRF:0
BRH:0
end_of_record
TN:
SF:src/core/utils/index.ts
FNF:0
FNH:0
LF:0
LH:0
BRF:0
BRH:0
end_of_record
TN:
SF:src/core/utils/share.ts
FN:9,getTemplates
FN:28,fetchApiJson
FN:30,(anonymous_2)
FNF:3
FNH:3
FNDA:5,getTemplates
FNDA:3,fetchApiJson
FNDA:2,(anonymous_2)
DA:12,5
DA:13,5
DA:14,5
DA:15,5
DA:16,25
DA:21,5
DA:29,3
DA:30,3
DA:31,2
DA:33,0
LF:10
LH:9
BRF:0
BRH:0
end_of_record
TN:
SF:src/core/utils/writeIndex.ts
FN:2,writeIndex
FNF:1
FNH:1
FNDA:3,writeIndex
DA:7,3
DA:8,3
DA:14,0
LF:3
LH:2
BRF:0
BRH:0
end_of_record
TN:
SF:src/core/utils/writeInterface.ts
FN:6,writeInterfaces
FN:14,(anonymous_1)
FNF:2
FNH:2
FNDA:2,writeInterfaces
FNDA:28,(anonymous_1)
DA:11,2
DA:12,2
DA:13,2
DA:14,28
DA:17,0
LF:5
LH:4
BRF:0
BRH:0
end_of_record
TN:
SF:src/core/utils/writeRequest.ts
FN:5,writeRequest
FNF:1
FNH:1
FNDA:1,writeRequest
DA:9,1
DA:10,1
DA:11,1
DA:20,0
LF:4
LH:3
BRF:0
BRH:0
end_of_record
TN:
SF:src/core/utils/writeServices.ts
FN:4,writeServices
FN:13,(anonymous_1)
FNF:2
FNH:2
FNDA:2,writeServices
FNDA:4,(anonymous_1)
DA:10,2
DA:11,2
DA:12,2
DA:14,4
DA:21,0
LF:5
LH:4
BRF:0
BRH:0
end_of_record
